<?xml version="1.0" encoding="UTF-8"?>
<!-- Generated by org.testng.reporters.JUnitXMLReporter -->
<testsuite ignored="0" hostname="ameera-jayakumar-m" failures="1" tests="3" name="Login/Register/Count Test" time="0.042" errors="0" timestamp="06 Aug 2020 15:57:16 GMT">
  <testcase classname="tc.TestCase2" name="doCount" time="0.011">
    <skipped/>
  </testcase> <!-- doCount -->
  <testcase classname="tc.TestCase2" name="doLogintest" time="0.001"/>
  <testcase classname="tc.TestCase2" name="doreg" time="0.002">
    <failure type="java.lang.AssertionError" message="Registration failed!!">
      <![CDATA[java.lang.AssertionError: Registration failed!!
at tc.TestCase2.doreg(TestCase2.java:16)
... Removed 26 stack frames]]>
    </failure>
  </testcase> <!-- doreg -->
</testsuite> <!-- Login/Register/Count Test -->
